{"C:\\Users\\lsjhe\\Git\\no-consultant-weather\\src\\utils\\geolocation.ts": {"path":"C:\\Users\\lsjhe\\Git\\no-consultant-weather\\src\\utils\\geolocation.ts","statementMap":{"0":{"start":{"line":20,"column":2},"end":{"line":59,"column":null}},"1":{"start":{"line":21,"column":4},"end":{"line":24,"column":null}},"2":{"start":{"line":22,"column":6},"end":{"line":22,"column":null}},"3":{"start":{"line":23,"column":6},"end":{"line":23,"column":null}},"4":{"start":{"line":26,"column":4},"end":{"line":58,"column":null}},"5":{"start":{"line":28,"column":8},"end":{"line":31,"column":null}},"6":{"start":{"line":35,"column":27},"end":{"line":35,"column":null}},"7":{"start":{"line":37,"column":8},"end":{"line":49,"column":null}},"8":{"start":{"line":39,"column":12},"end":{"line":39,"column":null}},"9":{"start":{"line":40,"column":12},"end":{"line":40,"column":null}},"10":{"start":{"line":42,"column":12},"end":{"line":42,"column":null}},"11":{"start":{"line":43,"column":12},"end":{"line":43,"column":null}},"12":{"start":{"line":45,"column":12},"end":{"line":45,"column":null}},"13":{"start":{"line":46,"column":12},"end":{"line":46,"column":null}},"14":{"start":{"line":48,"column":12},"end":{"line":48,"column":null}},"15":{"start":{"line":51,"column":8},"end":{"line":51,"column":null}},"16":{"start":{"line":72,"column":12},"end":{"line":72,"column":null}},"17":{"start":{"line":73,"column":15},"end":{"line":73,"column":null}},"18":{"start":{"line":74,"column":15},"end":{"line":74,"column":null}},"19":{"start":{"line":77,"column":4},"end":{"line":81,"column":null}},"20":{"start":{"line":83,"column":12},"end":{"line":83,"column":null}},"21":{"start":{"line":84,"column":19},"end":{"line":84,"column":null}},"22":{"start":{"line":86,"column":2},"end":{"line":86,"column":null}},"23":{"start":{"line":90,"column":2},"end":{"line":90,"column":null}},"24":{"start":{"line":103,"column":50},"end":{"line":106,"column":null}},"25":{"start":{"line":103,"column":73},"end":{"line":106,"column":4}},"26":{"start":{"line":109,"column":2},"end":{"line":109,"column":null}},"27":{"start":{"line":109,"column":36},"end":{"line":109,"column":59}},"28":{"start":{"line":112,"column":2},"end":{"line":112,"column":null}},"29":{"start":{"line":120,"column":51},"end":{"line":168,"column":null}},"30":{"start":{"line":175,"column":18},"end":{"line":175,"column":null}},"31":{"start":{"line":178,"column":2},"end":{"line":180,"column":null}},"32":{"start":{"line":179,"column":4},"end":{"line":179,"column":null}},"33":{"start":{"line":183,"column":17},"end":{"line":183,"column":null}},"34":{"start":{"line":184,"column":2},"end":{"line":188,"column":null}},"35":{"start":{"line":185,"column":4},"end":{"line":187,"column":null}},"36":{"start":{"line":186,"column":6},"end":{"line":186,"column":null}},"37":{"start":{"line":190,"column":2},"end":{"line":190,"column":null}},"38":{"start":{"line":197,"column":2},"end":{"line":197,"column":null}},"39":{"start":{"line":204,"column":2},"end":{"line":208,"column":null}},"40":{"start":{"line":205,"column":4},"end":{"line":205,"column":null}},"41":{"start":{"line":207,"column":4},"end":{"line":207,"column":null}},"42":{"start":{"line":215,"column":2},"end":{"line":221,"column":null}},"43":{"start":{"line":216,"column":19},"end":{"line":216,"column":null}},"44":{"start":{"line":217,"column":4},"end":{"line":217,"column":null}},"45":{"start":{"line":219,"column":4},"end":{"line":219,"column":null}},"46":{"start":{"line":220,"column":4},"end":{"line":220,"column":null}},"47":{"start":{"line":228,"column":2},"end":{"line":232,"column":null}},"48":{"start":{"line":229,"column":4},"end":{"line":229,"column":null}},"49":{"start":{"line":231,"column":4},"end":{"line":231,"column":null}}},"fnMap":{"0":{"name":"getCurrentPosition","decl":{"start":{"line":19,"column":22},"end":{"line":19,"column":66}},"loc":{"start":{"line":19,"column":66},"end":{"line":60,"column":null}},"line":19},"1":{"name":"(anonymous_1)","decl":{"start":{"line":20,"column":21},"end":{"line":20,"column":22}},"loc":{"start":{"line":20,"column":42},"end":{"line":59,"column":3}},"line":20},"2":{"name":"(anonymous_2)","decl":{"start":{"line":27,"column":6},"end":{"line":27,"column":7}},"loc":{"start":{"line":27,"column":20},"end":{"line":32,"column":null}},"line":27},"3":{"name":"(anonymous_3)","decl":{"start":{"line":33,"column":6},"end":{"line":33,"column":7}},"loc":{"start":{"line":33,"column":17},"end":{"line":52,"column":null}},"line":33},"4":{"name":"calculateDistance","decl":{"start":{"line":66,"column":16},"end":{"line":66,"column":null}},"loc":{"start":{"line":71,"column":10},"end":{"line":87,"column":null}},"line":71},"5":{"name":"toRadians","decl":{"start":{"line":89,"column":9},"end":{"line":89,"column":19}},"loc":{"start":{"line":89,"column":44},"end":{"line":91,"column":null}},"line":89},"6":{"name":"findNearestRadars","decl":{"start":{"line":97,"column":16},"end":{"line":97,"column":null}},"loc":{"start":{"line":102,"column":23},"end":{"line":113,"column":null}},"line":102},"7":{"name":"(anonymous_7)","decl":{"start":{"line":103,"column":61},"end":{"line":103,"column":62}},"loc":{"start":{"line":103,"column":73},"end":{"line":106,"column":4}},"line":103},"8":{"name":"(anonymous_8)","decl":{"start":{"line":109,"column":26},"end":{"line":109,"column":27}},"loc":{"start":{"line":109,"column":36},"end":{"line":109,"column":59}},"line":109},"9":{"name":"getCoordinatesFromPostcode","decl":{"start":{"line":174,"column":16},"end":{"line":174,"column":43}},"loc":{"start":{"line":174,"column":82},"end":{"line":191,"column":null}},"line":174},"10":{"name":"isValidAustralianPostcode","decl":{"start":{"line":196,"column":16},"end":{"line":196,"column":42}},"loc":{"start":{"line":196,"column":69},"end":{"line":198,"column":null}},"line":196},"11":{"name":"saveLocationPreference","decl":{"start":{"line":203,"column":16},"end":{"line":203,"column":39}},"loc":{"start":{"line":203,"column":69},"end":{"line":209,"column":null}},"line":203},"12":{"name":"loadLocationPreference","decl":{"start":{"line":214,"column":16},"end":{"line":214,"column":62}},"loc":{"start":{"line":214,"column":62},"end":{"line":222,"column":null}},"line":214},"13":{"name":"clearLocationPreference","decl":{"start":{"line":227,"column":16},"end":{"line":227,"column":48}},"loc":{"start":{"line":227,"column":48},"end":{"line":233,"column":null}},"line":227}},"branchMap":{"0":{"loc":{"start":{"line":21,"column":4},"end":{"line":24,"column":null}},"type":"if","locations":[{"start":{"line":21,"column":4},"end":{"line":24,"column":null}},{"start":{},"end":{}}],"line":21},"1":{"loc":{"start":{"line":37,"column":8},"end":{"line":49,"column":null}},"type":"switch","locations":[{"start":{"line":38,"column":10},"end":{"line":40,"column":null}},{"start":{"line":41,"column":10},"end":{"line":43,"column":null}},{"start":{"line":44,"column":10},"end":{"line":46,"column":null}},{"start":{"line":47,"column":10},"end":{"line":48,"column":null}}],"line":37},"2":{"loc":{"start":{"line":112,"column":9},"end":{"line":112,"column":null}},"type":"cond-expr","locations":[{"start":{"line":112,"column":17},"end":{"line":112,"column":54}},{"start":{"line":112,"column":54},"end":{"line":112,"column":null}}],"line":112},"3":{"loc":{"start":{"line":178,"column":2},"end":{"line":180,"column":null}},"type":"if","locations":[{"start":{"line":178,"column":2},"end":{"line":180,"column":null}},{"start":{},"end":{}}],"line":178},"4":{"loc":{"start":{"line":185,"column":4},"end":{"line":187,"column":null}},"type":"if","locations":[{"start":{"line":185,"column":4},"end":{"line":187,"column":null}},{"start":{},"end":{}}],"line":185},"5":{"loc":{"start":{"line":217,"column":11},"end":{"line":217,"column":null}},"type":"cond-expr","locations":[{"start":{"line":217,"column":20},"end":{"line":217,"column":41}},{"start":{"line":217,"column":41},"end":{"line":217,"column":null}}],"line":217}},"s":{"0":5,"1":5,"2":0,"3":0,"4":5,"5":1,"6":4,"7":4,"8":1,"9":1,"10":1,"11":1,"12":1,"13":1,"14":1,"15":4,"16":24,"17":24,"18":24,"19":24,"20":24,"21":24,"22":24,"23":96,"24":7,"25":18,"26":7,"27":12,"28":7,"29":1,"30":11,"31":11,"32":8,"33":3,"34":3,"35":84,"36":1,"37":2,"38":16,"39":4,"40":4,"41":1,"42":4,"43":4,"44":4,"45":2,"46":2,"47":3,"48":3,"49":1},"f":{"0":5,"1":5,"2":1,"3":4,"4":24,"5":96,"6":7,"7":18,"8":12,"9":11,"10":16,"11":4,"12":4,"13":3},"b":{"0":[0,5],"1":[1,1,1,1],"2":[3,4],"3":[8,3],"4":[1,83],"5":[2,1]},"meta":{"lastBranch":6,"lastFunction":14,"lastStatement":50,"seen":{"f:19:22:19:66":0,"s:20:2:59:Infinity":0,"f:20:21:20:22":1,"b:21:4:24:Infinity:undefined:undefined:undefined:undefined":0,"s:21:4:24:Infinity":1,"s:22:6:22:Infinity":2,"s:23:6:23:Infinity":3,"s:26:4:58:Infinity":4,"f:27:6:27:7":2,"s:28:8:31:Infinity":5,"f:33:6:33:7":3,"s:35:27:35:Infinity":6,"b:38:10:40:Infinity:41:10:43:Infinity:44:10:46:Infinity:47:10:48:Infinity":1,"s:37:8:49:Infinity":7,"s:39:12:39:Infinity":8,"s:40:12:40:Infinity":9,"s:42:12:42:Infinity":10,"s:43:12:43:Infinity":11,"s:45:12:45:Infinity":12,"s:46:12:46:Infinity":13,"s:48:12:48:Infinity":14,"s:51:8:51:Infinity":15,"f:66:16:66:Infinity":4,"s:72:12:72:Infinity":16,"s:73:15:73:Infinity":17,"s:74:15:74:Infinity":18,"s:77:4:81:Infinity":19,"s:83:12:83:Infinity":20,"s:84:19:84:Infinity":21,"s:86:2:86:Infinity":22,"f:89:9:89:19":5,"s:90:2:90:Infinity":23,"f:97:16:97:Infinity":6,"s:103:50:106:Infinity":24,"f:103:61:103:62":7,"s:103:73:106:4":25,"s:109:2:109:Infinity":26,"f:109:26:109:27":8,"s:109:36:109:59":27,"s:112:2:112:Infinity":28,"b:112:17:112:54:112:54:112:Infinity":2,"s:120:51:168:Infinity":29,"f:174:16:174:43":9,"s:175:18:175:Infinity":30,"b:178:2:180:Infinity:undefined:undefined:undefined:undefined":3,"s:178:2:180:Infinity":31,"s:179:4:179:Infinity":32,"s:183:17:183:Infinity":33,"s:184:2:188:Infinity":34,"b:185:4:187:Infinity:undefined:undefined:undefined:undefined":4,"s:185:4:187:Infinity":35,"s:186:6:186:Infinity":36,"s:190:2:190:Infinity":37,"f:196:16:196:42":10,"s:197:2:197:Infinity":38,"f:203:16:203:39":11,"s:204:2:208:Infinity":39,"s:205:4:205:Infinity":40,"s:207:4:207:Infinity":41,"f:214:16:214:62":12,"s:215:2:221:Infinity":42,"s:216:19:216:Infinity":43,"s:217:4:217:Infinity":44,"b:217:20:217:41:217:41:217:Infinity":5,"s:219:4:219:Infinity":45,"s:220:4:220:Infinity":46,"f:227:16:227:48":13,"s:228:2:232:Infinity":47,"s:229:4:229:Infinity":48,"s:231:4:231:Infinity":49}}}
,"C:\\Users\\lsjhe\\Git\\no-consultant-weather\\src\\utils\\radarApi.ts": {"path":"C:\\Users\\lsjhe\\Git\\no-consultant-weather\\src\\utils\\radarApi.ts","statementMap":{"0":{"start":{"line":4,"column":21},"end":{"line":4,"column":null}},"1":{"start":{"line":16,"column":2},"end":{"line":34,"column":null}},"2":{"start":{"line":17,"column":21},"end":{"line":17,"column":null}},"3":{"start":{"line":19,"column":4},"end":{"line":22,"column":null}},"4":{"start":{"line":20,"column":24},"end":{"line":20,"column":null}},"5":{"start":{"line":20,"column":59},"end":{"line":20,"column":62}},"6":{"start":{"line":21,"column":6},"end":{"line":21,"column":null}},"7":{"start":{"line":24,"column":17},"end":{"line":24,"column":null}},"8":{"start":{"line":26,"column":4},"end":{"line":28,"column":null}},"9":{"start":{"line":27,"column":6},"end":{"line":27,"column":null}},"10":{"start":{"line":30,"column":4},"end":{"line":30,"column":null}},"11":{"start":{"line":32,"column":4},"end":{"line":32,"column":null}},"12":{"start":{"line":33,"column":4},"end":{"line":33,"column":null}},"13":{"start":{"line":42,"column":2},"end":{"line":42,"column":null}},"14":{"start":{"line":42,"column":31},"end":{"line":42,"column":null}},"15":{"start":{"line":44,"column":15},"end":{"line":44,"column":null}},"16":{"start":{"line":45,"column":16},"end":{"line":45,"column":null}},"17":{"start":{"line":46,"column":14},"end":{"line":46,"column":null}},"18":{"start":{"line":47,"column":15},"end":{"line":47,"column":null}},"19":{"start":{"line":48,"column":17},"end":{"line":48,"column":null}},"20":{"start":{"line":51,"column":18},"end":{"line":51,"column":null}},"21":{"start":{"line":54,"column":23},"end":{"line":58,"column":null}},"22":{"start":{"line":60,"column":23},"end":{"line":64,"column":null}},"23":{"start":{"line":66,"column":2},"end":{"line":66,"column":null}},"24":{"start":{"line":86,"column":2},"end":{"line":95,"column":null}},"25":{"start":{"line":88,"column":4},"end":{"line":94,"column":null}},"26":{"start":{"line":89,"column":6},"end":{"line":89,"column":null}},"27":{"start":{"line":91,"column":6},"end":{"line":91,"column":null}},"28":{"start":{"line":93,"column":6},"end":{"line":93,"column":null}},"29":{"start":{"line":98,"column":22},"end":{"line":101,"column":null}},"30":{"start":{"line":103,"column":2},"end":{"line":103,"column":null}}},"fnMap":{"0":{"name":"fetchRadarImages","decl":{"start":{"line":15,"column":22},"end":{"line":15,"column":39}},"loc":{"start":{"line":15,"column":81},"end":{"line":35,"column":null}},"line":15},"1":{"name":"(anonymous_1)","decl":{"start":{"line":20,"column":52},"end":{"line":20,"column":59}},"loc":{"start":{"line":20,"column":59},"end":{"line":20,"column":62}},"line":20},"2":{"name":"formatTimestamp","decl":{"start":{"line":41,"column":16},"end":{"line":41,"column":32}},"loc":{"start":{"line":41,"column":59},"end":{"line":67,"column":null}},"line":41},"3":{"name":"buildProductId","decl":{"start":{"line":80,"column":16},"end":{"line":80,"column":null}},"loc":{"start":{"line":85,"column":10},"end":{"line":104,"column":null}},"line":85}},"branchMap":{"0":{"loc":{"start":{"line":4,"column":21},"end":{"line":4,"column":null}},"type":"binary-expr","locations":[{"start":{"line":4,"column":21},"end":{"line":4,"column":53}},{"start":{"line":4,"column":53},"end":{"line":4,"column":null}}],"line":4},"1":{"loc":{"start":{"line":19,"column":4},"end":{"line":22,"column":null}},"type":"if","locations":[{"start":{"line":19,"column":4},"end":{"line":22,"column":null}},{"start":{},"end":{}}],"line":19},"2":{"loc":{"start":{"line":21,"column":22},"end":{"line":21,"column":90}},"type":"binary-expr","locations":[{"start":{"line":21,"column":22},"end":{"line":21,"column":41}},{"start":{"line":21,"column":41},"end":{"line":21,"column":90}}],"line":21},"3":{"loc":{"start":{"line":26,"column":4},"end":{"line":28,"column":null}},"type":"if","locations":[{"start":{"line":26,"column":4},"end":{"line":28,"column":null}},{"start":{},"end":{}}],"line":26},"4":{"loc":{"start":{"line":26,"column":8},"end":{"line":26,"column":50}},"type":"binary-expr","locations":[{"start":{"line":26,"column":8},"end":{"line":26,"column":24}},{"start":{"line":26,"column":24},"end":{"line":26,"column":50}}],"line":26},"5":{"loc":{"start":{"line":42,"column":2},"end":{"line":42,"column":null}},"type":"if","locations":[{"start":{"line":42,"column":2},"end":{"line":42,"column":null}},{"start":{},"end":{}}],"line":42},"6":{"loc":{"start":{"line":86,"column":2},"end":{"line":95,"column":null}},"type":"if","locations":[{"start":{"line":86,"column":2},"end":{"line":95,"column":null}},{"start":{},"end":{}}],"line":86},"7":{"loc":{"start":{"line":88,"column":4},"end":{"line":94,"column":null}},"type":"if","locations":[{"start":{"line":88,"column":4},"end":{"line":94,"column":null}},{"start":{"line":92,"column":11},"end":{"line":94,"column":null}}],"line":88},"8":{"loc":{"start":{"line":98,"column":22},"end":{"line":101,"column":null}},"type":"cond-expr","locations":[{"start":{"line":98,"column":39},"end":{"line":98,"column":null}},{"start":{"line":99,"column":22},"end":{"line":101,"column":null}}],"line":98},"9":{"loc":{"start":{"line":99,"column":22},"end":{"line":101,"column":null}},"type":"cond-expr","locations":[{"start":{"line":99,"column":40},"end":{"line":99,"column":null}},{"start":{"line":100,"column":22},"end":{"line":101,"column":null}}],"line":99},"10":{"loc":{"start":{"line":100,"column":22},"end":{"line":101,"column":null}},"type":"cond-expr","locations":[{"start":{"line":100,"column":40},"end":{"line":100,"column":null}},{"start":{"line":101,"column":22},"end":{"line":101,"column":null}}],"line":100}},"s":{"0":1,"1":0,"2":0,"3":0,"4":0,"5":0,"6":0,"7":0,"8":0,"9":0,"10":0,"11":0,"12":0,"13":11,"14":4,"15":7,"16":7,"17":7,"18":7,"19":7,"20":7,"21":7,"22":7,"23":7,"24":25,"25":7,"26":5,"27":5,"28":2,"29":23,"30":25},"f":{"0":0,"1":0,"2":11,"3":25},"b":{"0":[1,1],"1":[0,0],"2":[0,0],"3":[0,0],"4":[0,0],"5":[4,7],"6":[7,18],"7":[5,2],"8":[4,19],"9":[13,6],"10":[3,3]},"meta":{"lastBranch":11,"lastFunction":4,"lastStatement":31,"seen":{"s:4:21:4:Infinity":0,"b:4:21:4:53:4:53:4:Infinity":0,"f:15:22:15:39":0,"s:16:2:34:Infinity":1,"s:17:21:17:Infinity":2,"b:19:4:22:Infinity:undefined:undefined:undefined:undefined":1,"s:19:4:22:Infinity":3,"s:20:24:20:Infinity":4,"f:20:52:20:59":1,"s:20:59:20:62":5,"s:21:6:21:Infinity":6,"b:21:22:21:41:21:41:21:90":2,"s:24:17:24:Infinity":7,"b:26:4:28:Infinity:undefined:undefined:undefined:undefined":3,"s:26:4:28:Infinity":8,"b:26:8:26:24:26:24:26:50":4,"s:27:6:27:Infinity":9,"s:30:4:30:Infinity":10,"s:32:4:32:Infinity":11,"s:33:4:33:Infinity":12,"f:41:16:41:32":2,"b:42:2:42:Infinity:undefined:undefined:undefined:undefined":5,"s:42:2:42:Infinity":13,"s:42:31:42:Infinity":14,"s:44:15:44:Infinity":15,"s:45:16:45:Infinity":16,"s:46:14:46:Infinity":17,"s:47:15:47:Infinity":18,"s:48:17:48:Infinity":19,"s:51:18:51:Infinity":20,"s:54:23:58:Infinity":21,"s:60:23:64:Infinity":22,"s:66:2:66:Infinity":23,"f:80:16:80:Infinity":3,"b:86:2:95:Infinity:undefined:undefined:undefined:undefined":6,"s:86:2:95:Infinity":24,"b:88:4:94:Infinity:92:11:94:Infinity":7,"s:88:4:94:Infinity":25,"s:89:6:89:Infinity":26,"s:91:6:91:Infinity":27,"s:93:6:93:Infinity":28,"s:98:22:101:Infinity":29,"b:98:39:98:Infinity:99:22:101:Infinity":8,"b:99:40:99:Infinity:100:22:101:Infinity":9,"b:100:40:100:Infinity:101:22:101:Infinity":10,"s:103:2:103:Infinity":30}}}
,"C:\\Users\\lsjhe\\Git\\no-consultant-weather\\src\\utils\\weatherApi.ts": {"path":"C:\\Users\\lsjhe\\Git\\no-consultant-weather\\src\\utils\\weatherApi.ts","statementMap":{"0":{"start":{"line":4,"column":21},"end":{"line":4,"column":null}},"1":{"start":{"line":16,"column":2},"end":{"line":34,"column":null}},"2":{"start":{"line":17,"column":21},"end":{"line":17,"column":null}},"3":{"start":{"line":19,"column":4},"end":{"line":22,"column":null}},"4":{"start":{"line":20,"column":24},"end":{"line":20,"column":null}},"5":{"start":{"line":20,"column":59},"end":{"line":20,"column":62}},"6":{"start":{"line":21,"column":6},"end":{"line":21,"column":null}},"7":{"start":{"line":24,"column":17},"end":{"line":24,"column":null}},"8":{"start":{"line":26,"column":4},"end":{"line":28,"column":null}},"9":{"start":{"line":27,"column":6},"end":{"line":27,"column":null}},"10":{"start":{"line":30,"column":4},"end":{"line":30,"column":null}},"11":{"start":{"line":32,"column":4},"end":{"line":32,"column":null}},"12":{"start":{"line":33,"column":4},"end":{"line":33,"column":null}},"13":{"start":{"line":41,"column":2},"end":{"line":41,"column":null}},"14":{"start":{"line":41,"column":43},"end":{"line":41,"column":null}},"15":{"start":{"line":42,"column":2},"end":{"line":42,"column":null}},"16":{"start":{"line":49,"column":2},"end":{"line":49,"column":null}},"17":{"start":{"line":49,"column":18},"end":{"line":49,"column":null}},"18":{"start":{"line":51,"column":2},"end":{"line":61,"column":null}},"19":{"start":{"line":52,"column":17},"end":{"line":52,"column":null}},"20":{"start":{"line":53,"column":4},"end":{"line":53,"column":null}},"21":{"start":{"line":53,"column":31},"end":{"line":53,"column":null}},"22":{"start":{"line":54,"column":4},"end":{"line":58,"column":null}},"23":{"start":{"line":60,"column":4},"end":{"line":60,"column":null}},"24":{"start":{"line":68,"column":2},"end":{"line":68,"column":null}},"25":{"start":{"line":68,"column":17},"end":{"line":68,"column":null}},"26":{"start":{"line":70,"column":24},"end":{"line":70,"column":null}},"27":{"start":{"line":72,"column":2},"end":{"line":85,"column":null}},"28":{"start":{"line":74,"column":6},"end":{"line":74,"column":null}},"29":{"start":{"line":76,"column":6},"end":{"line":76,"column":null}},"30":{"start":{"line":78,"column":6},"end":{"line":78,"column":null}},"31":{"start":{"line":80,"column":6},"end":{"line":80,"column":null}},"32":{"start":{"line":82,"column":6},"end":{"line":82,"column":null}},"33":{"start":{"line":84,"column":6},"end":{"line":84,"column":null}},"34":{"start":{"line":92,"column":2},"end":{"line":92,"column":null}},"35":{"start":{"line":92,"column":15},"end":{"line":92,"column":null}},"36":{"start":{"line":94,"column":22},"end":{"line":94,"column":null}},"37":{"start":{"line":96,"column":2},"end":{"line":110,"column":null}},"38":{"start":{"line":99,"column":6},"end":{"line":99,"column":null}},"39":{"start":{"line":101,"column":6},"end":{"line":101,"column":null}},"40":{"start":{"line":103,"column":6},"end":{"line":103,"column":null}},"41":{"start":{"line":107,"column":6},"end":{"line":107,"column":null}},"42":{"start":{"line":109,"column":6},"end":{"line":109,"column":null}}},"fnMap":{"0":{"name":"fetchWeatherData","decl":{"start":{"line":15,"column":22},"end":{"line":15,"column":39}},"loc":{"start":{"line":15,"column":87},"end":{"line":35,"column":null}},"line":15},"1":{"name":"(anonymous_1)","decl":{"start":{"line":20,"column":52},"end":{"line":20,"column":59}},"loc":{"start":{"line":20,"column":59},"end":{"line":20,"column":62}},"line":20},"2":{"name":"formatTemperature","decl":{"start":{"line":40,"column":16},"end":{"line":40,"column":34}},"loc":{"start":{"line":40,"column":68},"end":{"line":43,"column":null}},"line":40},"3":{"name":"formatTime","decl":{"start":{"line":48,"column":16},"end":{"line":48,"column":27}},"loc":{"start":{"line":48,"column":66},"end":{"line":62,"column":null}},"line":48},"4":{"name":"getUVCategoryColor","decl":{"start":{"line":67,"column":16},"end":{"line":67,"column":35}},"loc":{"start":{"line":67,"column":73},"end":{"line":86,"column":null}},"line":67},"5":{"name":"getFireDangerColor","decl":{"start":{"line":91,"column":16},"end":{"line":91,"column":35}},"loc":{"start":{"line":91,"column":71},"end":{"line":111,"column":null}},"line":91}},"branchMap":{"0":{"loc":{"start":{"line":4,"column":21},"end":{"line":4,"column":null}},"type":"binary-expr","locations":[{"start":{"line":4,"column":21},"end":{"line":4,"column":53}},{"start":{"line":4,"column":53},"end":{"line":4,"column":null}}],"line":4},"1":{"loc":{"start":{"line":19,"column":4},"end":{"line":22,"column":null}},"type":"if","locations":[{"start":{"line":19,"column":4},"end":{"line":22,"column":null}},{"start":{},"end":{}}],"line":19},"2":{"loc":{"start":{"line":21,"column":22},"end":{"line":21,"column":90}},"type":"binary-expr","locations":[{"start":{"line":21,"column":22},"end":{"line":21,"column":41}},{"start":{"line":21,"column":41},"end":{"line":21,"column":90}}],"line":21},"3":{"loc":{"start":{"line":26,"column":4},"end":{"line":28,"column":null}},"type":"if","locations":[{"start":{"line":26,"column":4},"end":{"line":28,"column":null}},{"start":{},"end":{}}],"line":26},"4":{"loc":{"start":{"line":41,"column":2},"end":{"line":41,"column":null}},"type":"if","locations":[{"start":{"line":41,"column":2},"end":{"line":41,"column":null}},{"start":{},"end":{}}],"line":41},"5":{"loc":{"start":{"line":41,"column":6},"end":{"line":41,"column":43}},"type":"binary-expr","locations":[{"start":{"line":41,"column":6},"end":{"line":41,"column":28}},{"start":{"line":41,"column":28},"end":{"line":41,"column":43}}],"line":41},"6":{"loc":{"start":{"line":49,"column":2},"end":{"line":49,"column":null}},"type":"if","locations":[{"start":{"line":49,"column":2},"end":{"line":49,"column":null}},{"start":{},"end":{}}],"line":49},"7":{"loc":{"start":{"line":53,"column":4},"end":{"line":53,"column":null}},"type":"if","locations":[{"start":{"line":53,"column":4},"end":{"line":53,"column":null}},{"start":{},"end":{}}],"line":53},"8":{"loc":{"start":{"line":68,"column":2},"end":{"line":68,"column":null}},"type":"if","locations":[{"start":{"line":68,"column":2},"end":{"line":68,"column":null}},{"start":{},"end":{}}],"line":68},"9":{"loc":{"start":{"line":72,"column":2},"end":{"line":85,"column":null}},"type":"switch","locations":[{"start":{"line":73,"column":4},"end":{"line":74,"column":null}},{"start":{"line":75,"column":4},"end":{"line":76,"column":null}},{"start":{"line":77,"column":4},"end":{"line":78,"column":null}},{"start":{"line":79,"column":4},"end":{"line":80,"column":null}},{"start":{"line":81,"column":4},"end":{"line":82,"column":null}},{"start":{"line":83,"column":4},"end":{"line":84,"column":null}}],"line":72},"10":{"loc":{"start":{"line":92,"column":2},"end":{"line":92,"column":null}},"type":"if","locations":[{"start":{"line":92,"column":2},"end":{"line":92,"column":null}},{"start":{},"end":{}}],"line":92},"11":{"loc":{"start":{"line":96,"column":2},"end":{"line":110,"column":null}},"type":"switch","locations":[{"start":{"line":97,"column":4},"end":{"line":97,"column":null}},{"start":{"line":98,"column":4},"end":{"line":99,"column":null}},{"start":{"line":100,"column":4},"end":{"line":101,"column":null}},{"start":{"line":102,"column":4},"end":{"line":103,"column":null}},{"start":{"line":104,"column":4},"end":{"line":104,"column":null}},{"start":{"line":105,"column":4},"end":{"line":105,"column":null}},{"start":{"line":106,"column":4},"end":{"line":107,"column":null}},{"start":{"line":108,"column":4},"end":{"line":109,"column":null}}],"line":96}},"s":{"0":1,"1":0,"2":0,"3":0,"4":0,"5":0,"6":0,"7":0,"8":0,"9":0,"10":0,"11":0,"12":0,"13":11,"14":2,"15":9,"16":9,"17":2,"18":7,"19":7,"20":7,"21":2,"22":5,"23":0,"24":10,"25":1,"26":9,"27":9,"28":2,"29":2,"30":2,"31":1,"32":1,"33":1,"34":11,"35":1,"36":10,"37":10,"38":2,"39":2,"40":1,"41":4,"42":1},"f":{"0":0,"1":0,"2":11,"3":9,"4":10,"5":11},"b":{"0":[1,1],"1":[0,0],"2":[0,0],"3":[0,0],"4":[2,9],"5":[11,10],"6":[2,7],"7":[2,5],"8":[1,9],"9":[2,2,2,1,1,1],"10":[1,10],"11":[1,2,2,1,2,3,4,1]},"meta":{"lastBranch":12,"lastFunction":6,"lastStatement":43,"seen":{"s:4:21:4:Infinity":0,"b:4:21:4:53:4:53:4:Infinity":0,"f:15:22:15:39":0,"s:16:2:34:Infinity":1,"s:17:21:17:Infinity":2,"b:19:4:22:Infinity:undefined:undefined:undefined:undefined":1,"s:19:4:22:Infinity":3,"s:20:24:20:Infinity":4,"f:20:52:20:59":1,"s:20:59:20:62":5,"s:21:6:21:Infinity":6,"b:21:22:21:41:21:41:21:90":2,"s:24:17:24:Infinity":7,"b:26:4:28:Infinity:undefined:undefined:undefined:undefined":3,"s:26:4:28:Infinity":8,"s:27:6:27:Infinity":9,"s:30:4:30:Infinity":10,"s:32:4:32:Infinity":11,"s:33:4:33:Infinity":12,"f:40:16:40:34":2,"b:41:2:41:Infinity:undefined:undefined:undefined:undefined":4,"s:41:2:41:Infinity":13,"b:41:6:41:28:41:28:41:43":5,"s:41:43:41:Infinity":14,"s:42:2:42:Infinity":15,"f:48:16:48:27":3,"b:49:2:49:Infinity:undefined:undefined:undefined:undefined":6,"s:49:2:49:Infinity":16,"s:49:18:49:Infinity":17,"s:51:2:61:Infinity":18,"s:52:17:52:Infinity":19,"b:53:4:53:Infinity:undefined:undefined:undefined:undefined":7,"s:53:4:53:Infinity":20,"s:53:31:53:Infinity":21,"s:54:4:58:Infinity":22,"s:60:4:60:Infinity":23,"f:67:16:67:35":4,"b:68:2:68:Infinity:undefined:undefined:undefined:undefined":8,"s:68:2:68:Infinity":24,"s:68:17:68:Infinity":25,"s:70:24:70:Infinity":26,"b:73:4:74:Infinity:75:4:76:Infinity:77:4:78:Infinity:79:4:80:Infinity:81:4:82:Infinity:83:4:84:Infinity":9,"s:72:2:85:Infinity":27,"s:74:6:74:Infinity":28,"s:76:6:76:Infinity":29,"s:78:6:78:Infinity":30,"s:80:6:80:Infinity":31,"s:82:6:82:Infinity":32,"s:84:6:84:Infinity":33,"f:91:16:91:35":5,"b:92:2:92:Infinity:undefined:undefined:undefined:undefined":10,"s:92:2:92:Infinity":34,"s:92:15:92:Infinity":35,"s:94:22:94:Infinity":36,"b:97:4:97:Infinity:98:4:99:Infinity:100:4:101:Infinity:102:4:103:Infinity:104:4:104:Infinity:105:4:105:Infinity:106:4:107:Infinity:108:4:109:Infinity":11,"s:96:2:110:Infinity":37,"s:99:6:99:Infinity":38,"s:101:6:101:Infinity":39,"s:103:6:103:Infinity":40,"s:107:6:107:Infinity":41,"s:109:6:109:Infinity":42}}}
}
