TN:
SF:src\utils\geolocation.ts
FN:19,getCurrentPosition
FN:20,(anonymous_1)
FN:27,(anonymous_2)
FN:33,(anonymous_3)
FN:66,calculateDistance
FN:89,toRadians
FN:97,findNearestRadars
FN:103,(anonymous_7)
FN:109,(anonymous_8)
FN:174,getCoordinatesFromPostcode
FN:196,isValidAustralianPostcode
FN:203,saveLocationPreference
FN:214,loadLocationPreference
FN:227,clearLocationPreference
FNF:14
FNH:14
FNDA:5,getCurrentPosition
FNDA:5,(anonymous_1)
FNDA:1,(anonymous_2)
FNDA:4,(anonymous_3)
FNDA:24,calculateDistance
FNDA:96,toRadians
FNDA:7,findNearestRadars
FNDA:18,(anonymous_7)
FNDA:12,(anonymous_8)
FNDA:11,getCoordinatesFromPostcode
FNDA:16,isValidAustralianPostcode
FNDA:4,saveLocationPreference
FNDA:4,loadLocationPreference
FNDA:3,clearLocationPreference
DA:20,5
DA:21,5
DA:22,0
DA:23,0
DA:26,5
DA:28,1
DA:35,4
DA:37,4
DA:39,1
DA:40,1
DA:42,1
DA:43,1
DA:45,1
DA:46,1
DA:48,1
DA:51,4
DA:72,24
DA:73,24
DA:74,24
DA:77,24
DA:83,24
DA:84,24
DA:86,24
DA:90,96
DA:103,18
DA:109,12
DA:112,7
DA:120,1
DA:175,11
DA:178,11
DA:179,8
DA:183,3
DA:184,3
DA:185,84
DA:186,1
DA:190,2
DA:197,16
DA:204,4
DA:205,4
DA:207,1
DA:215,4
DA:216,4
DA:217,4
DA:219,2
DA:220,2
DA:228,3
DA:229,3
DA:231,1
LF:48
LH:46
BRDA:21,0,0,0
BRDA:21,0,1,5
BRDA:37,1,0,1
BRDA:37,1,1,1
BRDA:37,1,2,1
BRDA:37,1,3,1
BRDA:112,2,0,3
BRDA:112,2,1,4
BRDA:178,3,0,8
BRDA:178,3,1,3
BRDA:185,4,0,1
BRDA:185,4,1,83
BRDA:217,5,0,2
BRDA:217,5,1,1
BRF:14
BRH:13
end_of_record
TN:
SF:src\utils\radarApi.ts
FN:15,fetchRadarImages
FN:20,(anonymous_1)
FN:41,formatTimestamp
FN:80,buildProductId
FNF:4
FNH:2
FNDA:0,fetchRadarImages
FNDA:0,(anonymous_1)
FNDA:11,formatTimestamp
FNDA:25,buildProductId
DA:4,1
DA:16,0
DA:17,0
DA:19,0
DA:20,0
DA:21,0
DA:24,0
DA:26,0
DA:27,0
DA:30,0
DA:32,0
DA:33,0
DA:42,11
DA:44,7
DA:45,7
DA:46,7
DA:47,7
DA:48,7
DA:51,7
DA:54,7
DA:60,7
DA:66,7
DA:86,25
DA:88,7
DA:89,5
DA:91,5
DA:93,2
DA:98,23
DA:103,25
LF:29
LH:18
BRDA:4,0,0,1
BRDA:4,0,1,1
BRDA:19,1,0,0
BRDA:19,1,1,0
BRDA:21,2,0,0
BRDA:21,2,1,0
BRDA:26,3,0,0
BRDA:26,3,1,0
BRDA:26,4,0,0
BRDA:26,4,1,0
BRDA:42,5,0,4
BRDA:42,5,1,7
BRDA:86,6,0,7
BRDA:86,6,1,18
BRDA:88,7,0,5
BRDA:88,7,1,2
BRDA:98,8,0,4
BRDA:98,8,1,19
BRDA:99,9,0,13
BRDA:99,9,1,6
BRDA:100,10,0,3
BRDA:100,10,1,3
BRF:22
BRH:14
end_of_record
TN:
SF:src\utils\weatherApi.ts
FN:15,fetchWeatherData
FN:20,(anonymous_1)
FN:40,formatTemperature
FN:48,formatTime
FN:67,getUVCategoryColor
FN:91,getFireDangerColor
FNF:6
FNH:4
FNDA:0,fetchWeatherData
FNDA:0,(anonymous_1)
FNDA:11,formatTemperature
FNDA:9,formatTime
FNDA:10,getUVCategoryColor
FNDA:11,getFireDangerColor
DA:4,1
DA:16,0
DA:17,0
DA:19,0
DA:20,0
DA:21,0
DA:24,0
DA:26,0
DA:27,0
DA:30,0
DA:32,0
DA:33,0
DA:41,11
DA:42,9
DA:49,9
DA:51,7
DA:52,7
DA:53,7
DA:54,5
DA:60,0
DA:68,10
DA:70,9
DA:72,9
DA:74,2
DA:76,2
DA:78,2
DA:80,1
DA:82,1
DA:84,1
DA:92,11
DA:94,10
DA:96,10
DA:99,2
DA:101,2
DA:103,1
DA:107,4
DA:109,1
LF:37
LH:25
BRDA:4,0,0,1
BRDA:4,0,1,1
BRDA:19,1,0,0
BRDA:19,1,1,0
BRDA:21,2,0,0
BRDA:21,2,1,0
BRDA:26,3,0,0
BRDA:26,3,1,0
BRDA:41,4,0,2
BRDA:41,4,1,9
BRDA:41,5,0,11
BRDA:41,5,1,10
BRDA:49,6,0,2
BRDA:49,6,1,7
BRDA:53,7,0,2
BRDA:53,7,1,5
BRDA:68,8,0,1
BRDA:68,8,1,9
BRDA:72,9,0,2
BRDA:72,9,1,2
BRDA:72,9,2,2
BRDA:72,9,3,1
BRDA:72,9,4,1
BRDA:72,9,5,1
BRDA:92,10,0,1
BRDA:92,10,1,10
BRDA:96,11,0,1
BRDA:96,11,1,2
BRDA:96,11,2,2
BRDA:96,11,3,1
BRDA:96,11,4,2
BRDA:96,11,5,3
BRDA:96,11,6,4
BRDA:96,11,7,1
BRF:34
BRH:28
end_of_record
